#
# There is insufficient memory for the Java Runtime Environment to continue.
# Native memory allocation (malloc) failed to allocate 1037776 bytes for Chunk::new
# Possible reasons:
#   The system is out of physical RAM or swap space
#   In 32 bit mode, the process size limit was hit
# Possible solutions:
#   Reduce memory load on the system
#   Increase physical memory or swap space
#   Check if swap backing store is full
#   Use 64 bit Java on a 64 bit OS
#   Decrease Java heap size (-Xmx/-Xms)
#   Decrease number of Java threads
#   Decrease Java thread stack sizes (-Xss)
#   Set larger code cache with -XX:ReservedCodeCacheSize=
# This output file may be truncated or incomplete.
#
#  Out of Memory Error (allocation.cpp:390), pid=14944, tid=0x0000000000005b08
#
# JRE version: OpenJDK Runtime Environment (8.0_152-b06) (build 1.8.0_152-release-1136-b06)
# Java VM: OpenJDK 64-Bit Server VM (25.152-b06 mixed mode windows-amd64 compressed oops)
# Failed to write core dump. Minidumps are not enabled by default on client versions of Windows
#

---------------  T H R E A D  ---------------

Current thread (0x0000000018fe8000):  JavaThread "C2 CompilerThread2" daemon [_thread_in_native, id=23304, stack(0x00000000198e0000,0x00000000199e0000)]

Stack: [0x00000000198e0000,0x00000000199e0000]
[error occurred during error reporting (printing stack bounds), id 0xc0000005]

Native frames: (J=compiled Java code, j=interpreted, Vv=VM code, C=native code)


Current CompileTask:
C2: 724555 10998       4       com.sun.tools.javac.parser.JavacParser::term3 (2502 bytes)


---------------  P R O C E S S  ---------------

Java Threads: ( => current thread )
  0x000000001c98c800 JavaThread "Cache worker for Java compile cache (C:\Users\user\AndroidStudioProjects\akaakak\.gradle\4.6\javaCompile)" [_thread_blocked, id=19672, stack(0x00000000289e0000,0x0000000028ae0000)]
  0x000000001c987800 JavaThread "Task worker for ':' Thread 7" [_thread_blocked, id=12068, stack(0x00000000288e0000,0x00000000289e0000)]
  0x000000001c98c000 JavaThread "Task worker for ':' Thread 6" [_thread_blocked, id=7692, stack(0x00000000287e0000,0x00000000288e0000)]
  0x000000001c98a800 JavaThread "Task worker for ':' Thread 5" [_thread_blocked, id=21012, stack(0x00000000286e0000,0x00000000287e0000)]
  0x000000001c989000 JavaThread "Task worker for ':' Thread 4" [_thread_blocked, id=4012, stack(0x00000000285e0000,0x00000000286e0000)]
  0x000000001c98b000 JavaThread "Task worker for ':' Thread 3" [_thread_in_Java, id=18140, stack(0x00000000284e0000,0x00000000285e0000)]
  0x000000001c989800 JavaThread "Task worker for ':' Thread 2" [_thread_blocked, id=19712, stack(0x00000000283e0000,0x00000000284e0000)]
  0x000000001c980000 JavaThread "Task worker for ':'" [_thread_blocked, id=17904, stack(0x00000000282e0000,0x00000000283e0000)]
  0x000000001c986800 JavaThread "Cache worker for Build Output Cleanup Cache (C:\Users\user\AndroidStudioProjects\akaakak\.gradle\buildOutputCleanup)" [_thread_blocked, id=3212, stack(0x00000000281e0000,0x00000000282e0000)]
  0x000000001c985000 JavaThread "Cache worker for task history cache (C:\Users\user\AndroidStudioProjects\akaakak\.gradle\4.6\taskHistory)" [_thread_blocked, id=11324, stack(0x00000000280e0000,0x00000000281e0000)]
  0x000000001dc4c000 JavaThread "Cache worker for file content cache (C:\Users\user\AndroidStudioProjects\akaakak\.gradle\4.6\fileContent)" [_thread_blocked, id=17812, stack(0x0000000027fe0000,0x00000000280e0000)]
  0x000000001dc4d800 JavaThread "pool-5-thread-2" [_thread_blocked, id=3684, stack(0x0000000027ee0000,0x0000000027fe0000)]
  0x000000001dc4b800 JavaThread "pool-5-thread-1" [_thread_blocked, id=15080, stack(0x0000000027de0000,0x0000000027ee0000)]
  0x000000001dc4e800 JavaThread "Build operations Thread 8" [_thread_blocked, id=21924, stack(0x0000000027ce0000,0x0000000027de0000)]
  0x000000001dc46000 JavaThread "Build operations Thread 7" [_thread_blocked, id=10524, stack(0x0000000027be0000,0x0000000027ce0000)]
  0x000000001dc4d000 JavaThread "Build operations Thread 6" [_thread_blocked, id=23260, stack(0x0000000027ae0000,0x0000000027be0000)]
  0x000000001dc45000 JavaThread "Build operations Thread 5" [_thread_blocked, id=1004, stack(0x00000000279e0000,0x0000000027ae0000)]
  0x000000001dc4a800 JavaThread "Build operations Thread 4" [_thread_blocked, id=11364, stack(0x00000000278e0000,0x00000000279e0000)]
  0x000000001dc49800 JavaThread "Build operations Thread 3" [_thread_blocked, id=16080, stack(0x00000000277e0000,0x00000000278e0000)]
  0x000000001dc48000 JavaThread "Build operations Thread 2" [_thread_blocked, id=12296, stack(0x00000000276e0000,0x00000000277e0000)]
  0x000000001dc49000 JavaThread "Build operations" [_thread_blocked, id=18976, stack(0x00000000275e0000,0x00000000276e0000)]
  0x000000001dc46800 JavaThread "Cache worker for Artifact transforms cache (C:\Users\user\.gradle\caches\transforms-1)" [_thread_blocked, id=13588, stack(0x00000000274e0000,0x00000000275e0000)]
  0x000000001dc40800 JavaThread "Cache worker for file hash cache (C:\Users\user\AndroidStudioProjects\akaakak\.gradle\4.6\fileHashes)" [_thread_blocked, id=7644, stack(0x00000000273e0000,0x00000000274e0000)]
  0x000000001dc44800 JavaThread "Stdin handler" [_thread_blocked, id=10396, stack(0x00000000272e0000,0x00000000273e0000)]
  0x000000001dc47800 JavaThread "Asynchronous log dispatcher for DefaultDaemonConnection: socket connection from /127.0.0.1:62277 to /127.0.0.1:62414" [_thread_blocked, id=14000, stack(0x00000000271e0000,0x00000000272e0000)]
  0x000000001dc3f000 JavaThread "Daemon worker Thread 2" [_thread_blocked, id=11976, stack(0x00000000270e0000,0x00000000271e0000)]
  0x000000001dc43000 JavaThread "Cancel handler" [_thread_blocked, id=1496, stack(0x0000000026fe0000,0x00000000270e0000)]
  0x000000001dc43800 JavaThread "Handler for socket connection from /127.0.0.1:62277 to /127.0.0.1:62414" [_thread_in_native, id=10304, stack(0x0000000026ee0000,0x0000000026fe0000)]
  0x000000001dc40000 JavaThread "Daemon Thread 2" [_thread_blocked, id=23156, stack(0x0000000026de0000,0x0000000026ee0000)]
  0x000000001dc41800 JavaThread "pool-1-thread-1" [_thread_blocked, id=12032, stack(0x0000000026ce0000,0x0000000026de0000)]
  0x000000001c97f000 JavaThread "pool-2-thread-2" [_thread_blocked, id=13864, stack(0x00000000256e0000,0x00000000257e0000)]
  0x000000001c983000 JavaThread "pool-2-thread-1" [_thread_blocked, id=15452, stack(0x00000000243b0000,0x00000000244b0000)]
  0x000000001c980800 JavaThread "Memory manager" [_thread_blocked, id=21048, stack(0x00000000233b0000,0x00000000234b0000)]
  0x000000001b090800 JavaThread "File lock request listener" [_thread_in_native, id=22468, stack(0x000000001c5b0000,0x000000001c6b0000)]
  0x000000001a11d000 JavaThread "Cache worker for file hash cache (C:\Users\user\.gradle\caches\4.6\fileHashes)" [_thread_blocked, id=13208, stack(0x000000001c4b0000,0x000000001c5b0000)]
  0x000000001abba000 JavaThread "Daemon periodic checks" [_thread_blocked, id=21540, stack(0x000000001b8b0000,0x000000001b9b0000)]
  0x000000001a246000 JavaThread "Incoming local TCP Connector on port 62277" [_thread_in_native, id=16420, stack(0x000000001b6d0000,0x000000001b7d0000)]
  0x0000000019079000 JavaThread "Service Thread" daemon [_thread_blocked, id=7968, stack(0x0000000019ae0000,0x0000000019be0000)]
  0x0000000018fec000 JavaThread "C1 CompilerThread3" daemon [_thread_blocked, id=14912, stack(0x00000000199e0000,0x0000000019ae0000)]
=>0x0000000018fe8000 JavaThread "C2 CompilerThread2" daemon [_thread_in_native, id=23304, stack(0x00000000198e0000,0x00000000199e0000)]
  0x0000000018fe2000 JavaThread "C2 CompilerThread1" daemon [_thread_blocked, id=10040, stack(0x00000000197e0000,0x00000000198e0000)]
  0x0000000018fe0000 JavaThread "C2 CompilerThread0" daemon [_thread_in_native, id=22072, stack(0x00000000196e0000,0x00000000197e0000)]
  0x0000000018f8c800 JavaThread "Attach Listener" daemon [_thread_blocked, id=15412, stack(0x00000000195e0000,0x00000000196e0000)]
  0x0000000018f8b800 JavaThread "Signal Dispatcher" daemon [_thread_blocked, id=10960, stack(0x00000000194e0000,0x00000000195e0000)]
  0x000000000326e800 JavaThread "Finalizer" daemon [_thread_blocked, id=14948, stack(0x0000000019350000,0x0000000019450000)]
  0x0000000003267800 JavaThread "Reference Handler" daemon [_thread_blocked, id=21216, stack(0x0000000018e50000,0x0000000018f50000)]
  0x000000000316e800 JavaThread "main" [_thread_blocked, id=7392, stack(0x0000000003050000,0x0000000003150000)]

Other Threads:
  0x0000000017047800 VMThread [stack: 0x0000000018d50000,0x0000000018e50000] [id=18564]
  0x000000001902c000 WatcherThread [stack: 0x0000000019be0000,0x0000000019ce0000] [id=10620]

VM state:not at safepoint (normal execution)

VM Mutex/Monitor currently owned by a thread: None

Heap:
 PSYoungGen      total 240128K, used 197835K [0x00000000e0000000, 0x00000000f1000000, 0x0000000100000000)
  eden space 224768K, 81% used [0x00000000e0000000,0x00000000eb233bf8,0x00000000edb80000)
  from space 15360K, 99% used [0x00000000edb80000,0x00000000eea7f318,0x00000000eea80000)
  to   space 18944K, 0% used [0x00000000efd80000,0x00000000efd80000,0x00000000f1000000)
 ParOldGen       total 106496K, used 45398K [0x00000000a0000000, 0x00000000a6800000, 0x00000000e0000000)
  object space 106496K, 42% used [0x00000000a0000000,0x00000000a2c55b38,0x00000000a6800000)
 Metaspace       used 68698K, capacity 71182K, committed 71384K, reserved 1112064K
  class space    used 9035K, capacity 9643K, committed 9728K, reserved 1048576K

Card table byte_map: [0x0000000012630000,0x0000000012940000] byte_map_base: 0x0000000012130000

Marking Bits: (ParMarkBitMap*) 0x000000006b075aa0
 Begin Bits: [0x0000000013340000, 0x0000000014b40000)
 End Bits:   [0x0000000014b40000, 0x0000000016340000)

Polling page: 0x00000000013d0000

CodeCache: size=245760Kb used=30935Kb max_used=30944Kb free=214824Kb
 bounds [0x0000000003270000, 0x00000000050e0000, 0x0000000012270000]
 total_blobs=10099 nmethods=9288 adapters=723
 compilation: enabled

Compilation events (10 events):
Event: 724.385 Thread 0x0000000018fe2000 11033       4       com.sun.tools.javac.parser.JavacParser::typeArgumentsOpt (49 bytes)
Event: 724.387 Thread 0x0000000018fe2000 nmethod 11033 0x0000000005099fd0 code [0x000000000509a120, 0x000000000509a218]
Event: 724.391 Thread 0x0000000018fe2000 11037 %     4       sun.nio.cs.UTF_8$Decoder::decodeArrayLoop @ 73 (691 bytes)
Event: 724.393 Thread 0x0000000018fec000 11038       3       com.sun.tools.javac.parser.JavacParser::annotationFieldValuesOpt (24 bytes)
Event: 724.394 Thread 0x0000000018fec000 nmethod 11038 0x00000000050bbe50 code [0x00000000050bbfc0, 0x00000000050bc228]
Event: 724.394 Thread 0x0000000018fec000 11039       3       com.sun.tools.javac.tree.TreeMaker::Annotation (23 bytes)
Event: 724.395 Thread 0x0000000018fec000 nmethod 11039 0x00000000050ae550 code [0x00000000050ae6c0, 0x00000000050aea30]
Event: 724.395 Thread 0x0000000018fec000 11040       3       com.sun.tools.javac.tree.JCTree$JCAnnotation::<init> (20 bytes)
Event: 724.395 Thread 0x0000000018fec000 nmethod 11040 0x00000000050adfd0 code [0x00000000050ae140, 0x00000000050ae3f0]
Event: 724.431 Thread 0x0000000018fe2000 nmethod 11037% 0x00000000050b4e10 code [0x00000000050b4fe0, 0x00000000050b5ec0]

GC Heap History (10 events):
Event: 84.738 GC heap before
{Heap before GC invocations=14 (full 2):
 PSYoungGen      total 121856K, used 116412K [0x00000000e0000000, 0x00000000eb580000, 0x0000000100000000)
  eden space 109056K, 100% used [0x00000000e0000000,0x00000000e6a80000,0x00000000e6a80000)
  from space 12800K, 57% used [0x00000000e6a80000,0x00000000e71af240,0x00000000e7700000)
  to   space 12288K, 0% used [0x00000000ea980000,0x00000000ea980000,0x00000000eb580000)
 ParOldGen       total 61952K, used 25088K [0x00000000a0000000, 0x00000000a3c80000, 0x00000000e0000000)
  object space 61952K, 40% used [0x00000000a0000000,0x00000000a18803d8,0x00000000a3c80000)
 Metaspace       used 50755K, capacity 52084K, committed 52312K, reserved 1093632K
  class space    used 6821K, capacity 7179K, committed 7296K, reserved 1048576K
Event: 84.757 GC heap after
Heap after GC invocations=14 (full 2):
 PSYoungGen      total 167424K, used 6326K [0x00000000e0000000, 0x00000000eb200000, 0x0000000100000000)
  eden space 158720K, 0% used [0x00000000e0000000,0x00000000e0000000,0x00000000e9b00000)
  from space 8704K, 72% used [0x00000000ea980000,0x00000000eafad9d0,0x00000000eb200000)
  to   space 11776K, 0% used [0x00000000e9b00000,0x00000000e9b00000,0x00000000ea680000)
 ParOldGen       total 61952K, used 30347K [0x00000000a0000000, 0x00000000a3c80000, 0x00000000e0000000)
  object space 61952K, 48% used [0x00000000a0000000,0x00000000a1da2c38,0x00000000a3c80000)
 Metaspace       used 50755K, capacity 52084K, committed 52312K, reserved 1093632K
  class space    used 6821K, capacity 7179K, committed 7296K, reserved 1048576K
}
Event: 88.964 GC heap before
{Heap before GC invocations=15 (full 2):
 PSYoungGen      total 167424K, used 118794K [0x00000000e0000000, 0x00000000eb200000, 0x0000000100000000)
  eden space 158720K, 70% used [0x00000000e0000000,0x00000000e6dd5200,0x00000000e9b00000)
  from space 8704K, 72% used [0x00000000ea980000,0x00000000eafad9d0,0x00000000eb200000)
  to   space 11776K, 0% used [0x00000000e9b00000,0x00000000e9b00000,0x00000000ea680000)
 ParOldGen       total 61952K, used 30347K [0x00000000a0000000, 0x00000000a3c80000, 0x00000000e0000000)
  object space 61952K, 48% used [0x00000000a0000000,0x00000000a1da2c38,0x00000000a3c80000)
 Metaspace       used 56986K, capacity 58912K, committed 58968K, reserved 1099776K
  class space    used 7795K, capacity 8306K, committed 8320K, reserved 1048576K
Event: 88.997 GC heap after
Heap after GC invocations=15 (full 2):
 PSYoungGen      total 170496K, used 11760K [0x00000000e0000000, 0x00000000efc80000, 0x0000000100000000)
  eden space 158720K, 0% used [0x00000000e0000000,0x00000000e0000000,0x00000000e9b00000)
  from space 11776K, 99% used [0x00000000e9b00000,0x00000000ea67c038,0x00000000ea680000)
  to   space 14848K, 0% used [0x00000000eee00000,0x00000000eee00000,0x00000000efc80000)
 ParOldGen       total 61952K, used 34876K [0x00000000a0000000, 0x00000000a3c80000, 0x00000000e0000000)
  object space 61952K, 56% used [0x00000000a0000000,0x00000000a220f360,0x00000000a3c80000)
 Metaspace       used 56986K, capacity 58912K, committed 58968K, reserved 1099776K
  class space    used 7795K, capacity 8306K, committed 8320K, reserved 1048576K
}
Event: 88.997 GC heap before
{Heap before GC invocations=16 (full 3):
 PSYoungGen      total 170496K, used 11760K [0x00000000e0000000, 0x00000000efc80000, 0x0000000100000000)
  eden space 158720K, 0% used [0x00000000e0000000,0x00000000e0000000,0x00000000e9b00000)
  from space 11776K, 99% used [0x00000000e9b00000,0x00000000ea67c038,0x00000000ea680000)
  to   space 14848K, 0% used [0x00000000eee00000,0x00000000eee00000,0x00000000efc80000)
 ParOldGen       total 61952K, used 34876K [0x00000000a0000000, 0x00000000a3c80000, 0x00000000e0000000)
  object space 61952K, 56% used [0x00000000a0000000,0x00000000a220f360,0x00000000a3c80000)
 Metaspace       used 56986K, capacity 58912K, committed 58968K, reserved 1099776K
  class space    used 7795K, capacity 8306K, committed 8320K, reserved 1048576K
Event: 89.519 GC heap after
Heap after GC invocations=16 (full 3):
 PSYoungGen      total 170496K, used 0K [0x00000000e0000000, 0x00000000efc80000, 0x0000000100000000)
  eden space 158720K, 0% used [0x00000000e0000000,0x00000000e0000000,0x00000000e9b00000)
  from space 11776K, 0% used [0x00000000e9b00000,0x00000000e9b00000,0x00000000ea680000)
  to   space 14848K, 0% used [0x00000000eee00000,0x00000000eee00000,0x00000000efc80000)
 ParOldGen       total 106496K, used 41502K [0x00000000a0000000, 0x00000000a6800000, 0x00000000e0000000)
  object space 106496K, 38% used [0x00000000a0000000,0x00000000a2887a10,0x00000000a6800000)
 Metaspace       used 56986K, capacity 58912K, committed 58968K, reserved 1099776K
  class space    used 7795K, capacity 8306K, committed 8320K, reserved 1048576K
}
Event: 100.840 GC heap before
{Heap before GC invocations=17 (full 3):
 PSYoungGen      total 170496K, used 158720K [0x00000000e0000000, 0x00000000efc80000, 0x0000000100000000)
  eden space 158720K, 100% used [0x00000000e0000000,0x00000000e9b00000,0x00000000e9b00000)
  from space 11776K, 0% used [0x00000000e9b00000,0x00000000e9b00000,0x00000000ea680000)
  to   space 14848K, 0% used [0x00000000eee00000,0x00000000eee00000,0x00000000efc80000)
 ParOldGen       total 106496K, used 41502K [0x00000000a0000000, 0x00000000a6800000, 0x00000000e0000000)
  object space 106496K, 38% used [0x00000000a0000000,0x00000000a2887a10,0x00000000a6800000)
 Metaspace       used 59323K, capacity 61514K, committed 61656K, reserved 1101824K
  class space    used 8041K, capacity 8596K, committed 8704K, reserved 1048576K
Event: 100.873 GC heap after
Heap after GC invocations=17 (full 3):
 PSYoungGen      total 210432K, used 11595K [0x00000000e0000000, 0x00000000ef980000, 0x0000000100000000)
  eden space 198656K, 0% used [0x00000000e0000000,0x00000000e0000000,0x00000000ec200000)
  from space 11776K, 98% used [0x00000000eee00000,0x00000000ef952d90,0x00000000ef980000)
  to   space 15360K, 0% used [0x00000000edb80000,0x00000000edb80000,0x00000000eea80000)
 ParOldGen       total 106496K, used 41510K [0x00000000a0000000, 0x00000000a6800000, 0x00000000e0000000)
  object space 106496K, 38% used [0x00000000a0000000,0x00000000a2889a10,0x00000000a6800000)
 Metaspace       used 59323K, capacity 61514K, committed 61656K, reserved 1101824K
  class space    used 8041K, capacity 8596K, committed 8704K, reserved 1048576K
}
Event: 685.272 GC heap before
{Heap before GC invocations=18 (full 3):
 PSYoungGen      total 210432K, used 210251K [0x00000000e0000000, 0x00000000ef980000, 0x0000000100000000)
  eden space 198656K, 100% used [0x00000000e0000000,0x00000000ec200000,0x00000000ec200000)
  from space 11776K, 98% used [0x00000000eee00000,0x00000000ef952d90,0x00000000ef980000)
  to   space 15360K, 0% used [0x00000000edb80000,0x00000000edb80000,0x00000000eea80000)
 ParOldGen       total 106496K, used 41510K [0x00000000a0000000, 0x00000000a6800000, 0x00000000e0000000)
  object space 106496K, 38% used [0x00000000a0000000,0x00000000a2889a10,0x00000000a6800000)
 Metaspace       used 63827K, capacity 66278K, committed 66392K, reserved 1105920K
  class space    used 8489K, capacity 9036K, committed 9088K, reserved 1048576K
Event: 685.491 GC heap after
Heap after GC invocations=18 (full 3):
 PSYoungGen      total 240128K, used 15356K [0x00000000e0000000, 0x00000000f1000000, 0x0000000100000000)
  eden space 224768K, 0% used [0x00000000e0000000,0x00000000e0000000,0x00000000edb80000)
  from space 15360K, 99% used [0x00000000edb80000,0x00000000eea7f318,0x00000000eea80000)
  to   space 18944K, 0% used [0x00000000efd80000,0x00000000efd80000,0x00000000f1000000)
 ParOldGen       total 106496K, used 45398K [0x00000000a0000000, 0x00000000a6800000, 0x00000000e0000000)
  object space 106496K, 42% used [0x00000000a0000000,0x00000000a2c55b38,0x00000000a6800000)
 Metaspace       used 63827K, capacity 66278K, committed 66392K, reserved 1105920K
  class space    used 8489K, capacity 9036K, committed 9088K, reserved 1048576K
}

Deoptimization events (10 events):
Event: 723.312 Thread 0x000000001c98b000 Uncommon trap: reason=unstable_if action=reinterpret pc=0x000000000483b108 method=com.sun.tools.javac.parser.UnicodeReader.scanChar()V @ 37
Event: 723.364 Thread 0x000000001c98b000 Uncommon trap: reason=unstable_if action=reinterpret pc=0x0000000004f5f9d4 method=com.sun.tools.javac.util.ArrayUtils.ensureCapacity([CI)[C @ 3
Event: 723.664 Thread 0x000000001c98b000 Uncommon trap: reason=unstable_if action=reinterpret pc=0x0000000004fdd520 method=com.sun.tools.javac.util.Name$Table.equals([BI[BII)Z @ 22
Event: 723.670 Thread 0x000000001c98b000 Uncommon trap: reason=unstable_if action=reinterpret pc=0x0000000005006474 method=com.sun.tools.javac.parser.JavaTokenizer.readToken()Lcom/sun/tools/javac/parser/Tokens$Token; @ 961
Event: 723.677 Thread 0x000000001c98b000 Uncommon trap: reason=unstable_if action=reinterpret pc=0x0000000004fea794 method=com.sun.tools.javac.parser.UnicodeReader.scanCommentChar()V @ 10
Event: 723.772 Thread 0x000000001c98b000 Uncommon trap: reason=unstable_if action=reinterpret pc=0x0000000004f7d7c0 method=com.sun.tools.javac.util.Name$Table.equals([BI[BII)Z @ 22
Event: 723.773 Thread 0x000000001c98b000 Uncommon trap: reason=unstable_if action=reinterpret pc=0x0000000004f7e49c method=com.sun.tools.javac.util.Convert.chars2utf([CI[BII)I @ 35
Event: 723.848 Thread 0x000000001c98b000 Uncommon trap: reason=unstable_if action=reinterpret pc=0x00000000050684bc method=com.sun.tools.javac.parser.JavaTokenizer.scanIdent()V @ 617
Event: 724.008 Thread 0x000000001c98b000 Uncommon trap: reason=unstable_if action=reinterpret pc=0x0000000004fd7350 method=sun.nio.cs.UTF_8$Decoder.decodeArrayLoop(Ljava/nio/ByteBuffer;Ljava/nio/CharBuffer;)Ljava/nio/charset/CoderResult; @ 167
Event: 724.108 Thread 0x000000001c98b000 Uncommon trap: reason=unstable_if action=reinterpret pc=0x00000000033de63c method=sun.nio.cs.UTF_8$Decoder.decodeArrayLoop(Ljava/nio/ByteBuffer;Ljava/nio/CharBuffer;)Ljava/nio/charset/CoderResult; @ 84

Classes redefined (0 events):
No events

Internal exceptions (10 events):
Event: 687.798 Thread 0x000000001dc3f000 Exception <a 'sun/nio/fs/WindowsException'> (0x00000000e17f8d28) thrown at [D:\src\AOSP-openjdk-cygwin\jdk8u\hotspot\src\share\vm\prims\jni.cpp, line 709]
Event: 687.798 Thread 0x000000001dc3f000 Exception <a 'sun/nio/fs/WindowsException'> (0x00000000e17fa9a8) thrown at [D:\src\AOSP-openjdk-cygwin\jdk8u\hotspot\src\share\vm\prims\jni.cpp, line 709]
Event: 687.799 Thread 0x000000001dc3f000 Exception <a 'sun/nio/fs/WindowsException'> (0x00000000e17fb388) thrown at [D:\src\AOSP-openjdk-cygwin\jdk8u\hotspot\src\share\vm\prims\jni.cpp, line 709]
Event: 687.800 Thread 0x000000001dc3f000 Exception <a 'sun/nio/fs/WindowsException'> (0x00000000e17fe520) thrown at [D:\src\AOSP-openjdk-cygwin\jdk8u\hotspot\src\share\vm\prims\jni.cpp, line 709]
Event: 687.800 Thread 0x000000001dc3f000 Exception <a 'sun/nio/fs/WindowsException'> (0x00000000e17fef10) thrown at [D:\src\AOSP-openjdk-cygwin\jdk8u\hotspot\src\share\vm\prims\jni.cpp, line 709]
Event: 687.800 Thread 0x000000001dc3f000 Exception <a 'sun/nio/fs/WindowsException'> (0x00000000e1800be0) thrown at [D:\src\AOSP-openjdk-cygwin\jdk8u\hotspot\src\share\vm\prims\jni.cpp, line 709]
Event: 687.800 Thread 0x000000001dc3f000 Exception <a 'sun/nio/fs/WindowsException'> (0x00000000e18015f0) thrown at [D:\src\AOSP-openjdk-cygwin\jdk8u\hotspot\src\share\vm\prims\jni.cpp, line 709]
Event: 689.474 Thread 0x000000001dc4d800 Implicit null exception at 0x000000000423043c to 0x000000000423077c
Event: 689.482 Thread 0x000000001dc4b800 Implicit null exception at 0x000000000423043c to 0x000000000423077c
Event: 689.514 Thread 0x000000001dc3f000 Exception <a 'sun/nio/fs/WindowsException'> (0x00000000e3d1cec0) thrown at [D:\src\AOSP-openjdk-cygwin\jdk8u\hotspot\src\share\vm\prims\jni.cpp, line 709]

Events (10 events):
Event: 723.951 Thread 0x000000001c98b000 DEOPT PACKING pc=0x0000000005000d7a sp=0x00000000285dc970
Event: 723.951 Thread 0x000000001c98b000 DEOPT UNPACKING pc=0x00000000032b75d0 sp=0x00000000285dc6a0 mode 0
Event: 724.008 Thread 0x000000001c98b000 Uncommon trap: trap_request=0xffffff65 fr.pc=0x0000000004fd7350
Event: 724.008 Thread 0x000000001c98b000 DEOPT PACKING pc=0x0000000004fd7350 sp=0x00000000285dc8c0
Event: 724.008 Thread 0x000000001c98b000 DEOPT UNPACKING pc=0x00000000032b557b sp=0x00000000285dc830 mode 2
Event: 724.108 Thread 0x000000001c98b000 DEOPT PACKING pc=0x00000000050a205b sp=0x00000000285dc7b0
Event: 724.108 Thread 0x000000001c98b000 DEOPT UNPACKING pc=0x00000000032b75d0 sp=0x00000000285dc5b0 mode 0
Event: 724.108 Thread 0x000000001c98b000 Uncommon trap: trap_request=0xffffff65 fr.pc=0x00000000033de63c
Event: 724.108 Thread 0x000000001c98b000 DEOPT PACKING pc=0x00000000033de63c sp=0x00000000285dc8a0
Event: 724.108 Thread 0x000000001c98b000 DEOPT UNPACKING pc=0x00000000032b557b sp=0x00000000285dc838 mode 2


Dynamic libraries:
0x00007ff644920000 - 0x00007ff644951000 	C:\Program Files\Android\Android Studio\jre\bin\java.exe
0x00007fff63a00000 - 0x00007fff63be1000 	C:\Windows\SYSTEM32\ntdll.dll
0x00007fff62750000 - 0x00007fff62802000 	C:\Windows\System32\KERNEL32.DLL
0x00007fff608d0000 - 0x00007fff60b43000 	C:\Windows\System32\KERNELBASE.dll
0x00007fff63920000 - 0x00007fff639c1000 	C:\Windows\System32\ADVAPI32.dll
0x00007fff62d60000 - 0x00007fff62dfe000 	C:\Windows\System32\msvcrt.dll
0x00007fff62810000 - 0x00007fff6286b000 	C:\Windows\System32\sechost.dll
0x00007fff63680000 - 0x00007fff637a4000 	C:\Windows\System32\RPCRT4.dll
0x00007fff62ae0000 - 0x00007fff62c70000 	C:\Windows\System32\USER32.dll
0x00007fff60850000 - 0x00007fff60870000 	C:\Windows\System32\win32u.dll
0x00007fff63650000 - 0x00007fff63678000 	C:\Windows\System32\GDI32.dll
0x00007fff60c50000 - 0x00007fff60de2000 	C:\Windows\System32\gdi32full.dll
0x00007fff60df0000 - 0x00007fff60e8f000 	C:\Windows\System32\msvcp_win.dll
0x00007fff60750000 - 0x00007fff60848000 	C:\Windows\System32\ucrtbase.dll
0x00007fff504b0000 - 0x00007fff50719000 	C:\Windows\WinSxS\amd64_microsoft.windows.common-controls_6595b64144ccf1df_6.0.17134.648_none_fb45a0e93062a6d2\COMCTL32.dll
0x00007fff60fe0000 - 0x00007fff61302000 	C:\Windows\System32\combase.dll
0x00007fff5ffc0000 - 0x00007fff6003a000 	C:\Windows\System32\bcryptPrimitives.dll
0x00007fff63890000 - 0x00007fff638bd000 	C:\Windows\System32\IMM32.DLL
0x000000006b240000 - 0x000000006b312000 	C:\Program Files\Android\Android Studio\jre\jre\bin\msvcr100.dll
0x000000006a8b0000 - 0x000000006b0f1000 	C:\Program Files\Android\Android Studio\jre\jre\bin\server\jvm.dll
0x00007fff63120000 - 0x00007fff63128000 	C:\Windows\System32\PSAPI.DLL
0x00007fff5ad90000 - 0x00007fff5adb3000 	C:\Windows\SYSTEM32\WINMM.dll
0x00007fff5a6d0000 - 0x00007fff5a6da000 	C:\Windows\SYSTEM32\VERSION.dll
0x00007fff4d950000 - 0x00007fff4d959000 	C:\Windows\SYSTEM32\WSOCK32.dll
0x00007fff63580000 - 0x00007fff635ec000 	C:\Windows\System32\WS2_32.dll
0x00007fff5acc0000 - 0x00007fff5acea000 	C:\Windows\SYSTEM32\winmmbase.dll
0x00007fff60c00000 - 0x00007fff60c49000 	C:\Windows\System32\cfgmgr32.dll
0x00007fff4e7d0000 - 0x00007fff4e7df000 	C:\Program Files\Android\Android Studio\jre\jre\bin\verify.dll
0x00007fff4e7a0000 - 0x00007fff4e7c9000 	C:\Program Files\Android\Android Studio\jre\jre\bin\java.dll
0x00007fff4e780000 - 0x00007fff4e796000 	C:\Program Files\Android\Android Studio\jre\jre\bin\zip.dll
0x00007fff61310000 - 0x00007fff62750000 	C:\Windows\System32\SHELL32.dll
0x00007fff60f30000 - 0x00007fff60fd9000 	C:\Windows\System32\shcore.dll
0x00007fff60040000 - 0x00007fff6074d000 	C:\Windows\System32\windows.storage.dll
0x00007fff635f0000 - 0x00007fff63641000 	C:\Windows\System32\shlwapi.dll
0x00007fff5fd80000 - 0x00007fff5fd91000 	C:\Windows\System32\kernel.appcore.dll
0x00007fff5fd10000 - 0x00007fff5fd2f000 	C:\Windows\System32\profapi.dll
0x00007fff5fd30000 - 0x00007fff5fd7c000 	C:\Windows\System32\powrprof.dll
0x00007fff5fda0000 - 0x00007fff5fdaa000 	C:\Windows\System32\FLTLIB.DLL
0x00007fff4e740000 - 0x00007fff4e75a000 	C:\Program Files\Android\Android Studio\jre\jre\bin\net.dll
0x00007fff5f230000 - 0x00007fff5f296000 	C:\Windows\system32\mswsock.dll
0x00007fff4e720000 - 0x00007fff4e731000 	C:\Program Files\Android\Android Studio\jre\jre\bin\nio.dll
0x00007fff4e8e0000 - 0x00007fff4e8fe000 	C:\Users\user\.gradle\native\25\windows-amd64\native-platform.dll
0x00007fff4e710000 - 0x00007fff4e71d000 	C:\Program Files\Android\Android Studio\jre\jre\bin\management.dll
0x00007fff5f860000 - 0x00007fff5f877000 	C:\Windows\SYSTEM32\CRYPTSP.dll
0x00007fff5ee10000 - 0x00007fff5ee43000 	C:\Windows\system32\rsaenh.dll
0x00007fff5f830000 - 0x00007fff5f855000 	C:\Windows\SYSTEM32\bcrypt.dll
0x00007fff5fc40000 - 0x00007fff5fc68000 	C:\Windows\SYSTEM32\USERENV.dll
0x00007fff5f3e0000 - 0x00007fff5f3eb000 	C:\Windows\SYSTEM32\CRYPTBASE.dll
0x00007fff5efb0000 - 0x00007fff5efe8000 	C:\Windows\SYSTEM32\IPHLPAPI.DLL
0x00007fff637b0000 - 0x00007fff637b8000 	C:\Windows\System32\NSI.dll
0x00007fff59f30000 - 0x00007fff59f46000 	C:\Windows\SYSTEM32\dhcpcsvc6.DLL
0x00007fff59e00000 - 0x00007fff59e1a000 	C:\Windows\SYSTEM32\dhcpcsvc.DLL

VM Arguments:
jvm_args: -Xmx1536m -Dfile.encoding=x-windows-949 -Duser.country=KR -Duser.language=ko -Duser.variant 
java_command: org.gradle.launcher.daemon.bootstrap.GradleDaemon 4.6
java_class_path (initial): C:\Users\user\.gradle\wrapper\dists\gradle-4.6-all\bcst21l2brirad8k2ben1letg\gradle-4.6\lib\gradle-launcher-4.6.jar
Launcher Type: SUN_STANDARD

Environment Variables:
JAVA_HOME=C:\Program Files\Java\jdk-11.0.1
CLASSPATH=C:\Program Files\Java\jdk-11.0.1\lib
PATH=C:\Windows\system32;C:\Windows;C:\Windows\System32\Wbem;C:\Windows\System32\WindowsPowerShell\v1.0\;C:\Windows\System32\OpenSSH\;C:\Program Files\Git\cmd;C:\Program Files\Java\jdk-11.0.1\bin;C:\ninja;C:\ant\bin;C:\Program Files\CMake\bin;"C:\Program Files\Java\jdk-11.0.1\bin;";C:\Kings\KOS;C:\Kings\KOS\x64;C:\Program Files\apache-tomcat-9.0.16\bin;C:\Users\user\AppData\Local\Programs\Python\Python36\Scripts\;C:\Users\user\AppData\Local\Programs\Python\Python36\;C:\Users\user\AppData\Local\Microsoft\WindowsApps;C:\Program Files\Bandizip\;C:\Users\user\AppData\Local\atom\bin
USERNAME=user
OS=Windows_NT
PROCESSOR_IDENTIFIER=Intel64 Family 6 Model 142 Stepping 10, GenuineIntel



---------------  S Y S T E M  ---------------

OS: Windows 10.0 , 64 bit Build 17134 (10.0.17134.648)

CPU:total 8 (initial active 8) (4 cores per cpu, 2 threads per core) family 6 model 142 stepping 10, cmov, cx8, fxsr, mmx, sse, sse2, sse3, ssse3, sse4.1, sse4.2, popcnt, avx, avx2, aes, clmul, erms, 3dnowpref, lzcnt, ht, tsc, tscinvbit, bmi1, bmi2, adx

Memory: 4k page, physical 8269136k(652372k free), swap 33434960k(4884k free)

vm_info: OpenJDK 64-Bit Server VM (25.152-b06) for windows-amd64 JRE (1.8.0_152-release-1136-b06), built by "builder" with MS VC++ 10.0 (VS2010)

time: Thu Apr 04 09:04:30 2019
elapsed time: 724 seconds (0d 0h 12m 4s)

